06:20:46 **** Incremental Build of configuration Debug for project hwaseen ****
make all 
Building file: ../main.c
Invoking: AVR Compiler
avr-gcc -Wall -g2 -gstabs -O0 -fpack-struct -fshort-enums -ffunction-sections -fdata-sections -std=gnu99 -funsigned-char -funsigned-bitfields -mmcu=atmega16 -DF_CPU=1000000UL -MMD -MP -MF"main.d" -MT"main.o" -c -o "main.o" "../main.c"
In file included from ../main.c:4:
c:/winavr-20100110/lib/gcc/../../avr/include/util/delay.h:90:3: warning: #warning "Compiler optimizations disabled; functions from <util/delay.h> won't work as designed"
Finished building: ../main.c
 
Building target: hwaseen.elf
Invoking: AVR C Linker
avr-gcc -Wl,-Map,hwaseen.map -mmcu=atmega16 -o "hwaseen.elf"  ./.metadata/.plugins/org.eclipse.cdt.make.core/specs.o  ./main.o   
Finished building target: hwaseen.elf
 
Invoking: AVR Create Extended Listing
avr-objdump -h -S hwaseen.elf  >"hwaseen.lss"
Finished building: hwaseen.lss
 
Invoking: Print Size
avr-size --format=avr --mcu=atmega16 hwaseen.elf
AVR Memory Usage
----------------
Device: atmega16

Program:     416 bytes (2.5% Full)
(.text + .data + .bootloader)

Data:          0 bytes (0.0% Full)
(.data + .bss + .noinit)


Finished building: sizedummy
 

06:20:47 Build Finished. 0 errors, 1 warnings. (took 1s.94ms)

