04:28:57 **** Build of configuration Debug for project challenge ****
make all 
Building file: ../main.c
Invoking: AVR Compiler
avr-gcc -Wall -g2 -gstabs -O0 -fpack-struct -fshort-enums -ffunction-sections -fdata-sections -std=gnu99 -funsigned-char -funsigned-bitfields -mmcu=atmega16 -DF_CPU=8000000UL -MMD -MP -MF"main.d" -MT"main.o" -c -o "main.o" "../main.c"
In file included from ../main.c:4:
c:/winavr-20100110/lib/gcc/../../avr/include/util/delay.h:90:3: warning: #warning "Compiler optimizations disabled; functions from <util/delay.h> won't work as designed"
../main.c:5: warning: 'TIMER0_OVR_vect' appears to be a misspelled signal handler
../main.c:11: warning: return type of 'main' is not 'int'
Finished building: ../main.c
 
Building target: challenge.elf
Invoking: AVR C Linker
avr-gcc -Wl,-Map,challenge.map -mmcu=atmega16 -o "challenge.elf"  ./main.o   
Finished building target: challenge.elf
 
Invoking: AVR Create Extended Listing
avr-objdump -h -S challenge.elf  >"challenge.lss"
Finished building: challenge.lss
 
Invoking: Print Size
avr-size --format=avr --mcu=atmega16 challenge.elf
AVR Memory Usage
----------------
Device: atmega16

Program:     186 bytes (1.1% Full)
(.text + .data + .bootloader)

Data:          0 bytes (0.0% Full)
(.data + .bss + .noinit)


Finished building: sizedummy
 
04:43:20 **** Incremental Build of configuration Debug for project challenge ****
make all 
Building file: ../main.c
Invoking: AVR Compiler
avr-gcc -Wall -g2 -gstabs -O0 -fpack-struct -fshort-enums -ffunction-sections -fdata-sections -std=gnu99 -funsigned-char -funsigned-bitfields -mmcu=atmega16 -DF_CPU=8000000UL -MMD -MP -MF"main.d" -MT"main.o" -c -o "main.o" "../main.c"
In file included from ../main.c:4:
c:/winavr-20100110/lib/gcc/../../avr/include/util/delay.h:90:3: warning: #warning "Compiler optimizations disabled; functions from <util/delay.h> won't work as designed"
../main.c:6: warning: 'TIMER0_OVR_vect' appears to be a misspelled signal handler
../main.c:15: warning: return type of 'main' is not 'int'
Finished building: ../main.c
 
Building target: challenge.elf
Invoking: AVR C Linker
avr-gcc -Wl,-Map,challenge.map -mmcu=atmega16 -o "challenge.elf"  ./main.o   
Finished building target: challenge.elf
 
Invoking: AVR Create Extended Listing
avr-objdump -h -S challenge.elf  >"challenge.lss"
Finished building: challenge.lss
 
Invoking: Print Size
avr-size --format=avr --mcu=atmega16 challenge.elf
AVR Memory Usage
----------------
Device: atmega16

Program:     310 bytes (1.9% Full)
(.text + .data + .bootloader)

Data:          1 bytes (0.1% Full)
(.data + .bss + .noinit)


Finished building: sizedummy
 
04:51:18 **** Incremental Build of configuration Debug for project challenge ****
make all 
Building file: ../main.c
Invoking: AVR Compiler
avr-gcc -Wall -g2 -gstabs -O0 -fpack-struct -fshort-enums -ffunction-sections -fdata-sections -std=gnu99 -funsigned-char -funsigned-bitfields -mmcu=atmega16 -DF_CPU=8000000UL -MMD -MP -MF"main.d" -MT"main.o" -c -o "main.o" "../main.c"
In file included from ../main.c:4:
c:/winavr-20100110/lib/gcc/../../avr/include/util/delay.h:90:3: warning: #warning "Compiler optimizations disabled; functions from <util/delay.h> won't work as designed"
../main.c:6: warning: 'TIMER0_OVR_vect' appears to be a misspelled signal handler
../main.c:15: warning: return type of 'main' is not 'int'
Finished building: ../main.c
 
Building target: challenge.elf
Invoking: AVR C Linker
avr-gcc -Wl,-Map,challenge.map -mmcu=atmega16 -o "challenge.elf"  ./main.o   
Finished building target: challenge.elf
 
Invoking: AVR Create Extended Listing
avr-objdump -h -S challenge.elf  >"challenge.lss"
Finished building: challenge.lss
 
Invoking: Print Size
avr-size --format=avr --mcu=atmega16 challenge.elf
AVR Memory Usage
----------------
Device: atmega16

Program:     362 bytes (2.2% Full)
(.text + .data + .bootloader)

Data:          1 bytes (0.1% Full)
(.data + .bss + .noinit)


Finished building: sizedummy
 
04:52:03 **** Incremental Build of configuration Debug for project challenge ****
make all 
Building file: ../main.c
Invoking: AVR Compiler
avr-gcc -Wall -g2 -gstabs -O0 -fpack-struct -fshort-enums -ffunction-sections -fdata-sections -std=gnu99 -funsigned-char -funsigned-bitfields -mmcu=atmega16 -DF_CPU=8000000UL -MMD -MP -MF"main.d" -MT"main.o" -c -o "main.o" "../main.c"
In file included from ../main.c:4:
c:/winavr-20100110/lib/gcc/../../avr/include/util/delay.h:90:3: warning: #warning "Compiler optimizations disabled; functions from <util/delay.h> won't work as designed"
../main.c:15: warning: return type of 'main' is not 'int'
Finished building: ../main.c
 
Building target: challenge.elf
Invoking: AVR C Linker
avr-gcc -Wl,-Map,challenge.map -mmcu=atmega16 -o "challenge.elf"  ./main.o   
Finished building target: challenge.elf
 
Invoking: AVR Create Extended Listing
avr-objdump -h -S challenge.elf  >"challenge.lss"
Finished building: challenge.lss
 
Invoking: Print Size
avr-size --format=avr --mcu=atmega16 challenge.elf
AVR Memory Usage
----------------
Device: atmega16

Program:     362 bytes (2.2% Full)
(.text + .data + .bootloader)

Data:          1 bytes (0.1% Full)
(.data + .bss + .noinit)


Finished building: sizedummy
 
04:54:04 **** Incremental Build of configuration Debug for project challenge ****
make all 
Building file: ../main.c
Invoking: AVR Compiler
avr-gcc -Wall -g2 -gstabs -O0 -fpack-struct -fshort-enums -ffunction-sections -fdata-sections -std=gnu99 -funsigned-char -funsigned-bitfields -mmcu=atmega16 -DF_CPU=8000000UL -MMD -MP -MF"main.d" -MT"main.o" -c -o "main.o" "../main.c"
Finished building: ../main.c
 
Building target: challenge.elf
Invoking: AVR C Linker
avr-gcc -Wl,-Map,challenge.map -mmcu=atmega16 -o "challenge.elf"  ./main.o   
Finished building target: challenge.elf
 
Invoking: AVR Create Extended Listing
avr-objdump -h -S challenge.elf  >"challenge.lss"
Finished building: challenge.lss
 
Invoking: Print Size
avr-size --format=avr --mcu=atmega16 challenge.elf
AVR Memory Usage
----------------
Device: atmega16

Program:     382 bytes (2.3% Full)
(.text + .data + .bootloader)

Data:          2 bytes (0.2% Full)
(.data + .bss + .noinit)


Finished building: sizedummy
 
04:59:55 **** Incremental Build of configuration Debug for project challenge ****
make all 
Building file: ../main.c
Invoking: AVR Compiler
avr-gcc -Wall -g2 -gstabs -O0 -fpack-struct -fshort-enums -ffunction-sections -fdata-sections -std=gnu99 -funsigned-char -funsigned-bitfields -mmcu=atmega16 -DF_CPU=8000000UL -MMD -MP -MF"main.d" -MT"main.o" -c -o "main.o" "../main.c"
In file included from ../main.c:4:
c:/winavr-20100110/lib/gcc/../../avr/include/util/delay.h:90:3: warning: #warning "Compiler optimizations disabled; functions from <util/delay.h> won't work as designed"
../main.c:21: warning: return type of 'main' is not 'int'
Finished building: ../main.c
 
Building target: challenge.elf
Invoking: AVR C Linker
avr-gcc -Wl,-Map,challenge.map -mmcu=atmega16 -o "challenge.elf"  ./main.o   
Finished building target: challenge.elf
 
Invoking: AVR Create Extended Listing
avr-objdump -h -S challenge.elf  >"challenge.lss"
Finished building: challenge.lss
 
Invoking: Print Size
avr-size --format=avr --mcu=atmega16 challenge.elf
AVR Memory Usage
----------------
Device: atmega16

Program:     384 bytes (2.3% Full)
(.text + .data + .bootloader)

Data:          2 bytes (0.2% Full)
(.data + .bss + .noinit)


Finished building: sizedummy
 
05:00:34 **** Incremental Build of configuration Debug for project challenge ****
make all 
Building file: ../main.c
Invoking: AVR Compiler
avr-gcc -Wall -g2 -gstabs -O0 -fpack-struct -fshort-enums -ffunction-sections -fdata-sections -std=gnu99 -funsigned-char -funsigned-bitfields -mmcu=atmega16 -DF_CPU=8000000UL -MMD -MP -MF"main.d" -MT"main.o" -c -o "main.o" "../main.c"
In file included from ../main.c:4:
c:/winavr-20100110/lib/gcc/../../avr/include/util/delay.h:90:3: warning: #warning "Compiler optimizations disabled; functions from <util/delay.h> won't work as designed"
../main.c:21: warning: return type of 'main' is not 'int'
Finished building: ../main.c
 
Building target: challenge.elf
Invoking: AVR C Linker
avr-gcc -Wl,-Map,challenge.map -mmcu=atmega16 -o "challenge.elf"  ./main.o   
Finished building target: challenge.elf
 
Invoking: AVR Create Extended Listing
avr-objdump -h -S challenge.elf  >"challenge.lss"
Finished building: challenge.lss
 
Invoking: Print Size
avr-size --format=avr --mcu=atmega16 challenge.elf
AVR Memory Usage
----------------
Device: atmega16

Program:     384 bytes (2.3% Full)
(.text + .data + .bootloader)

Data:          2 bytes (0.2% Full)
(.data + .bss + .noinit)


Finished building: sizedummy
 
