20:48:31 **** Incremental Build of configuration Debug for project Mini_project_3 ****
make all 
Building file: ../Main.c
Invoking: AVR Compiler
avr-gcc -Wall -g2 -gstabs -O0 -fpack-struct -fshort-enums -ffunction-sections -fdata-sections -std=gnu99 -funsigned-char -funsigned-bitfields -mmcu=atmega16 -DF_CPU=1000000UL -MMD -MP -MF"Main.d" -MT"Main.o" -c -o "Main.o" "../Main.c"
Finished building: ../Main.c
 
Building file: ../dc_motor.c
Invoking: AVR Compiler
avr-gcc -Wall -g2 -gstabs -O0 -fpack-struct -fshort-enums -ffunction-sections -fdata-sections -std=gnu99 -funsigned-char -funsigned-bitfields -mmcu=atmega16 -DF_CPU=1000000UL -MMD -MP -MF"dc_motor.d" -MT"dc_motor.o" -c -o "dc_motor.o" "../dc_motor.c"
Finished building: ../dc_motor.c
 
Building target: Mini_project_3.elf
Invoking: AVR C Linker
avr-gcc -Wl,-Map,Mini_project_3.map -mmcu=atmega16 -o "Mini_project_3.elf"  ./Lm35_sensor.o ./Main.o ./adc.o ./dc_motor.o ./gpio.o ./lcd.o ./pwm.o   
Finished building target: Mini_project_3.elf
 
Invoking: AVR Create Extended Listing
avr-objdump -h -S Mini_project_3.elf  >"Mini_project_3.lss"
Finished building: Mini_project_3.lss
 
Invoking: Print Size
avr-size --format=avr --mcu=atmega16 Mini_project_3.elf
AVR Memory Usage
----------------
Device: atmega16

Program:    9444 bytes (57.6% Full)
(.text + .data + .bootloader)

Data:        290 bytes (28.3% Full)
(.data + .bss + .noinit)


Finished building: sizedummy
 

20:48:33 Build Finished. 0 errors, 0 warnings. (took 1s.33ms)

